#
# A fatal error has been detected by the Java Runtime Environment:
#
#  SIGBUS (0x7) at pc=0x00007f389932a982, pid=19768, tid=139880821745408
#
# JRE version: Java(TM) SE Runtime Environment (7.0_55-b13) (build 1.7.0_55-b13)
# Java VM: Java HotSpot(TM) 64-Bit Server VM (24.55-b03 mixed mode linux-amd64 compressed oops)
# Problematic frame:
# C  [libzip.so+0x4982]  newEntry+0x62
#
# Failed to write core dump. Core dumps have been disabled. To enable core dumping, try "ulimit -c unlimited" before starting Java again
#
# If you would like to submit a bug report, please visit:
#   http://bugreport.sun.com/bugreport/crash.jsp
# The crash happened outside the Java Virtual Machine in native code.
# See problematic frame for where to report the bug.
#

---------------  T H R E A D  ---------------

Current thread (0x00007f3828004800):  JavaThread "Thread-15" [_thread_in_native, id=19827, stack(0x00007f388aa0e000,0x00007f388ab0f000)]

siginfo:si_signo=SIGBUS: si_errno=0, si_code=2 (BUS_ADRERR), si_addr=0x00007f38900550d3

Registers:
RAX=0x00007f382017b740, RBX=0x00007f38200a63f0, RCX=0x00007f3820000020, RDX=0x00007f382017b740
RSP=0x00007f388ab09570, RBP=0x00007f388ab095c0, RSI=0x0000000000000002, RDI=0x0000000000000001
R8 =0x0000000000000003, R9 =0x00007f3820000078, R10=0x00007f3891163d78, R11=0x00007f389b8bc901
R12=0x00007f38900550b6, R13=0x00007f382017b740, R14=0x0000000006453c09, R15=0x00007f3820057f30
RIP=0x00007f389932a982, EFLAGS=0x0000000000010202, CSGSFS=0x0000000000000033, ERR=0x0000000000000004
  TRAPNO=0x000000000000000e

Top of Stack: (sp=0x00007f388ab09570)
0x00007f388ab09570:   000000077fe00c70 00007f3800000000
0x00007f388ab09580:   00007f388ab09600 00007f389b0a463c
0x00007f388ab09590:   00007f382017b740 00007f38200a63f0
0x00007f388ab095a0:   00007f3820057f30 00007f382016b8e0
0x00007f388ab095b0:   0000000006453c09 00007f388ab09620
0x00007f388ab095c0:   00007f388ab09600 00007f389932b0b0
0x00007f388ab095d0:   0000002d8ab09600 00007f388ab09620
0x00007f388ab095e0:   000000000000002d 00007f38280049e8
0x00007f388ab095f0:   00007f388ab09620 00007f388ab09a78
0x00007f388ab09600:   00007f388ab09a60 00007f3899329eed
0x00007f388ab09610:   010000077fe072c8 00007f3820057f30
0x00007f388ab09620:   636170612f67726f 6e616c61782f6568
0x00007f388ab09630:   737365636f72702f 65636f72502f726f
0x00007f388ab09640:   2e79654b726f7373 0000007373616c63
0x00007f388ab09650:   000000077fffeddb 00007f388ab096b8
0x00007f388ab09660:   000000077ffff820 0000000000000000
0x00007f388ab09670:   000000077fffee00 0000000000000000
0x00007f388ab09680:   00007f388ab096a8 00007f388ab09700
0x00007f388ab09690:   00007f3891006350 0000000000000000
0x00007f388ab096a0:   0000000000000000 00000007d819fd18
0x00007f388ab096b0:   00000007d819fd18 00000007dfb08038
0x00007f388ab096c0:   00007f388ab096c0 000000077fffd651
0x00007f388ab096d0:   00007f388ab09730 000000077ffffe80
0x00007f388ab096e0:   0100000000000000 000000077fffd660
0x00007f388ab096f0:   00000007d96cc398 00007f3891077fb3
0x00007f388ab09700:   000000000000006c 00000007d96cc298
0x00007f388ab09710:   00000000000000ef 00000007dfb08000
0x00007f388ab09720:   00000007d96cc380 00000007d819fd18
0x00007f388ab09730:   00000007dfb08038 00000007d819ff88
0x00007f388ab09740:   00007f388ab097d0 00007f3891006058
0x00007f388ab09750:   00007f3891006058 000000000000006c
0x00007f388ab09760:   0000000000000000 00000007d96cc298 

Instructions: (pc=0x00007f389932a982)
0x00007f389932a962:   00 48 c7 40 28 00 00 00 00 41 80 7f 30 00 0f 84
0x00007f389932a972:   8a 02 00 00 4c 8b 63 08 4d 2b 67 28 4d 03 67 18
0x00007f389932a982:   41 0f b6 5c 24 1d 41 0f b6 44 24 1c c1 e3 08 09
0x00007f389932a992:   c3 41 0f b6 44 24 1e 88 45 bd 41 0f b6 54 24 20 

Register to memory mapping:

RAX=0x00007f382017b740 is an unknown value
RBX=0x00007f38200a63f0 is an unknown value
RCX=0x00007f3820000020 is an unknown value
RDX=0x00007f382017b740 is an unknown value
RSP=0x00007f388ab09570 is pointing into the stack for thread: 0x00007f3828004800
RBP=0x00007f388ab095c0 is pointing into the stack for thread: 0x00007f3828004800
RSI=0x0000000000000002 is an unknown value
RDI=0x0000000000000001 is an unknown value
R8 =0x0000000000000003 is an unknown value
R9 =0x00007f3820000078 is an unknown value
R10=0x00007f3891163d78 is at entry_point+88 in (nmethod*)0x00007f3891163b90
R11=0x00007f389b8bc901: <offset 0x188901> in /lib/x86_64-linux-gnu/libc.so.6 at 0x00007f389b734000
R12=0x00007f38900550b6 is an unknown value
R13=0x00007f382017b740 is an unknown value
R14=0x0000000006453c09 is an unknown value
R15=0x00007f3820057f30 is an unknown value


Stack: [0x00007f388aa0e000,0x00007f388ab0f000],  sp=0x00007f388ab09570,  free space=1005k
Native frames: (J=compiled Java code, j=interpreted, Vv=VM code, C=native code)
C  [libzip.so+0x4982]  newEntry+0x62
C  [libzip.so+0x50b0]  ZIP_GetEntry+0xd0
C  [libzip.so+0x3eed]  Java_java_util_zip_ZipFile_getEntry+0xad
J  java.util.zip.ZipFile.getEntry(J[BZ)J

Java frames: (J=compiled Java code, j=interpreted, Vv=VM code)
J  java.util.zip.ZipFile.getEntry(J[BZ)J
J  java.util.zip.ZipFile.getEntry(Ljava/lang/String;)Ljava/util/zip/ZipEntry;
J  java.util.jar.JarFile.getEntry(Ljava/lang/String;)Ljava/util/zip/ZipEntry;
J  sun.misc.URLClassPath.getResource(Ljava/lang/String;Z)Lsun/misc/Resource;
J  java.net.URLClassLoader$1.run()Ljava/lang/Class;
J  java.net.URLClassLoader$1.run()Ljava/lang/Object;
v  ~StubRoutines::call_stub
J  java.security.AccessController.doPrivileged(Ljava/security/PrivilegedExceptionAction;Ljava/security/AccessControlContext;)Ljava/lang/Object;
J  java.net.URLClassLoader.findClass(Ljava/lang/String;)Ljava/lang/Class;
j  org.dacapo.harness.DacapoClassLoader.loadClass(Ljava/lang/String;Z)Ljava/lang/Class;+12
J  java.lang.ClassLoader.loadClass(Ljava/lang/String;)Ljava/lang/Class;
v  ~StubRoutines::call_stub
j  org.apache.xalan.processor.StylesheetHandler.<init>(Lorg/apache/xalan/processor/TransformerFactoryImpl;)V+94
j  org.apache.xalan.processor.TransformerFactoryImpl.newTemplatesHandler()Ljavax/xml/transform/sax/TemplatesHandler;+5
j  org.apache.xalan.processor.TransformerFactoryImpl.newTemplates(Ljavax/xml/transform/Source;)Ljavax/xml/transform/Templates;+68
j  org.dacapo.xalan.XSLTBench.<init>(Ljava/io/File;)V+215
v  ~StubRoutines::call_stub
j  sun.reflect.NativeConstructorAccessorImpl.newInstance0(Ljava/lang/reflect/Constructor;[Ljava/lang/Object;)Ljava/lang/Object;+0
j  sun.reflect.NativeConstructorAccessorImpl.newInstance([Ljava/lang/Object;)Ljava/lang/Object;+72
j  sun.reflect.DelegatingConstructorAccessorImpl.newInstance([Ljava/lang/Object;)Ljava/lang/Object;+5
j  java.lang.reflect.Constructor.newInstance([Ljava/lang/Object;)Ljava/lang/Object;+79
j  org.dacapo.harness.Xalan.<init>(Lorg/dacapo/parser/Config;Ljava/io/File;)V+89
v  ~StubRoutines::call_stub
j  sun.reflect.NativeConstructorAccessorImpl.newInstance0(Ljava/lang/reflect/Constructor;[Ljava/lang/Object;)Ljava/lang/Object;+0
j  sun.reflect.NativeConstructorAccessorImpl.newInstance([Ljava/lang/Object;)Ljava/lang/Object;+72
j  sun.reflect.DelegatingConstructorAccessorImpl.newInstance([Ljava/lang/Object;)Ljava/lang/Object;+5
j  java.lang.reflect.Constructor.newInstance([Ljava/lang/Object;)Ljava/lang/Object;+79
j  org.dacapo.harness.TestHarness.runBenchmark(Ljava/io/File;Ljava/lang/String;Lorg/dacapo/harness/TestHarness;)V+62
j  org.dacapo.harness.TestHarness.main([Ljava/lang/String;)V+665
j  Harness.main([Ljava/lang/String;)V+1
v  ~StubRoutines::call_stub
j  sun.reflect.NativeMethodAccessorImpl.invoke0(Ljava/lang/reflect/Method;Ljava/lang/Object;[Ljava/lang/Object;)Ljava/lang/Object;+0
j  sun.reflect.NativeMethodAccessorImpl.invoke(Ljava/lang/Object;[Ljava/lang/Object;)Ljava/lang/Object;+87
j  sun.reflect.DelegatingMethodAccessorImpl.invoke(Ljava/lang/Object;[Ljava/lang/Object;)Ljava/lang/Object;+6
j  java.lang.reflect.Method.invoke(Ljava/lang/Object;[Ljava/lang/Object;)Ljava/lang/Object;+57
j  org.microsandbox.sample.RunningExternalJarAppComponent$WekaExecuter.run()V+82
j  java.lang.Thread.run()V+11
v  ~StubRoutines::call_stub

---------------  P R O C E S S  ---------------

Java Threads: ( => current thread )
  0x00007f3818001000 JavaThread "Shutdown Hook" [_thread_in_Java, id=19835, stack(0x00007f388b932000,0x00007f388ba33000)]
  0x00007f3838005000 JavaThread "Thread-19" [_thread_blocked, id=19833, stack(0x00007f388ab0f000,0x00007f388ac10000)]
  0x00007f3838003000 JavaThread "Thread-17" [_thread_in_native, id=19830, stack(0x00007f388a90d000,0x00007f388aa0e000)]
=>0x00007f3828004800 JavaThread "Thread-15" [_thread_in_native, id=19827, stack(0x00007f388aa0e000,0x00007f388ab0f000)]
  0x00007f3828003800 JavaThread "Thread-13" [_thread_in_Java, id=19824, stack(0x00007f388b029000,0x00007f388b12a000)]
  0x00007f383c050000 JavaThread "Jexxus-TCPConnectionListener" [_thread_in_native, id=19801, stack(0x00007f388af28000,0x00007f388b029000)]
  0x00007f389400b800 JavaThread "DestroyJavaVM" [_thread_blocked, id=19769, stack(0x00007f389c22e000,0x00007f389c32f000)]
  0x00007f389428b800 JavaThread "Kevoree_KCLHandler_Scheduler_1157882089" [_thread_blocked, id=19783, stack(0x00007f388b42d000,0x00007f388b52e000)]
  0x00007f38941b5000 JavaThread "Service Thread" daemon [_thread_blocked, id=19781, stack(0x00007f388b62f000,0x00007f388b730000)]
  0x00007f38941b2800 JavaThread "C2 CompilerThread1" daemon [_thread_in_native, id=19780, stack(0x00007f388b730000,0x00007f388b831000)]
  0x00007f38941b0000 JavaThread "C2 CompilerThread0" daemon [_thread_blocked, id=19779, stack(0x00007f388b831000,0x00007f388b932000)]
  0x00007f3894151800 JavaThread "Signal Dispatcher" daemon [_thread_blocked, id=19777, stack(0x00007f388ba33000,0x00007f388bb34000)]
  0x00007f3894139800 JavaThread "Finalizer" daemon [_thread_blocked, id=19776, stack(0x00007f388bdfe000,0x00007f388beff000)]
  0x00007f3894137800 JavaThread "Reference Handler" daemon [_thread_blocked, id=19775, stack(0x00007f388beff000,0x00007f388c000000)]

Other Threads:
  0x00007f3894133000 VMThread [stack: 0x00007f38900f1000,0x00007f38901f2000] [id=19774]
  0x00007f38941c0000 WatcherThread [stack: 0x00007f388b52e000,0x00007f388b62f000] [id=19782]

VM state:not at safepoint (normal execution)

VM Mutex/Monitor currently owned by a thread: None

Heap
 PSYoungGen      total 141312K, used 55448K [0x00000007d7000000, 0x00000007e0900000, 0x0000000800000000)
  eden space 126976K, 38% used [0x00000007d7000000,0x00000007d9fe5918,0x00000007dec00000)
  from space 14336K, 44% used [0x00000007dfb00000,0x00000007e01409f0,0x00000007e0900000)
  to   space 14848K, 0% used [0x00000007dec00000,0x00000007dec00000,0x00000007dfa80000)
 ParOldGen       total 83968K, used 17265K [0x0000000785000000, 0x000000078a200000, 0x00000007d7000000)
  object space 83968K, 20% used [0x0000000785000000,0x00000007860dc7a0,0x000000078a200000)
 PSPermGen       total 21504K, used 15688K [0x000000077fe00000, 0x0000000781300000, 0x0000000785000000)
  object space 21504K, 72% used [0x000000077fe00000,0x0000000780d523b0,0x0000000781300000)

Card table byte_map: [0x00007f3898f24000,0x00007f3899326000] byte_map_base: 0x00007f3895325000

Polling page: 0x00007f389c352000

Code Cache  [0x00007f3891000000, 0x00007f3891270000, 0x00007f3894000000)
 total_blobs=698 nmethods=429 adapters=222 free_code_cache=47618Kb largest_free_block=48714240

Compilation events (10 events):
Event: 7,980 Thread 0x00007f38941b2800  449             java.nio.charset.CharsetDecoder::maxCharsPerByte (5 bytes)
Event: 7,980 Thread 0x00007f38941b2800 nmethod 449 0x00007f3891182610 code [0x00007f3891182740, 0x00007f3891182798]
Event: 8,024 Thread 0x00007f38941b2800  450             jet.runtime.SharedVar$Object::<init> (5 bytes)
Event: 8,025 Thread 0x00007f38941b2800 nmethod 450 0x00007f3891182810 code [0x00007f3891182940, 0x00007f3891182998]
Event: 8,029 Thread 0x00007f38941b0000  451             org.kevoree.kcl.internal.KevoreeLocalLoader::loadClass (97 bytes)
Event: 8,044 Thread 0x00007f38941b2800  452             org.kevoree.kcl.internal.KevoreeLazyJarResources::getResource (6 bytes)
Event: 8,045 Thread 0x00007f38941b2800 nmethod 452 0x00007f3891089c10 code [0x00007f3891089d60, 0x00007f3891089de8]
Event: 8,053 Thread 0x00007f38941b0000 nmethod 451 0x00007f3891090310 code [0x00007f38910905a0, 0x00007f3891091318]
Event: 8,055 Thread 0x00007f38941b2800  453             java.util.concurrent.ConcurrentHashMap::putIfAbsent (79 bytes)
Event: 8,058 Thread 0x00007f38941b2800 nmethod 453 0x00007f3891089510 code [0x00007f3891089680, 0x00007f38910898e8]

GC Heap History (10 events):
Event: 0,797 GC heap before
{Heap before GC invocations=2 (full 0):
 PSYoungGen      total 36864K, used 35679K [0x00000007d7000000, 0x00000007d9900000, 0x0000000800000000)
  eden space 31744K, 100% used [0x00000007d7000000,0x00000007d8f00000,0x00000007d8f00000)
  from space 5120K, 76% used [0x00000007d8f00000,0x00000007d92d7d18,0x00000007d9400000)
  to   space 5120K, 0% used [0x00000007d9400000,0x00000007d9400000,0x00000007d9900000)
 ParOldGen       total 83968K, used 8K [0x0000000785000000, 0x000000078a200000, 0x00000007d7000000)
  object space 83968K, 0% used [0x0000000785000000,0x0000000785002000,0x000000078a200000)
 PSPermGen       total 21504K, used 9055K [0x000000077fe00000, 0x0000000781300000, 0x0000000785000000)
  object space 21504K, 42% used [0x000000077fe00000,0x00000007806d7d78,0x0000000781300000)
Event: 0,801 GC heap after
Heap after GC invocations=2 (full 0):
 PSYoungGen      total 36864K, used 5109K [0x00000007d7000000, 0x00000007db800000, 0x0000000800000000)
  eden space 31744K, 0% used [0x00000007d7000000,0x00000007d7000000,0x00000007d8f00000)
  from space 5120K, 99% used [0x00000007d9400000,0x00000007d98fd6b0,0x00000007d9900000)
  to   space 5120K, 0% used [0x00000007d8f00000,0x00000007d8f00000,0x00000007d9400000)
 ParOldGen       total 83968K, used 359K [0x0000000785000000, 0x000000078a200000, 0x00000007d7000000)
  object space 83968K, 0% used [0x0000000785000000,0x0000000785059cf8,0x000000078a200000)
 PSPermGen       total 21504K, used 9055K [0x000000077fe00000, 0x0000000781300000, 0x0000000785000000)
  object space 21504K, 42% used [0x000000077fe00000,0x00000007806d7d78,0x0000000781300000)
}
Event: 1,164 GC heap before
{Heap before GC invocations=3 (full 0):
 PSYoungGen      total 36864K, used 36853K [0x00000007d7000000, 0x00000007db800000, 0x0000000800000000)
  eden space 31744K, 100% used [0x00000007d7000000,0x00000007d8f00000,0x00000007d8f00000)
  from space 5120K, 99% used [0x00000007d9400000,0x00000007d98fd6b0,0x00000007d9900000)
  to   space 5120K, 0% used [0x00000007d8f00000,0x00000007d8f00000,0x00000007d9400000)
 ParOldGen       total 83968K, used 359K [0x0000000785000000, 0x000000078a200000, 0x00000007d7000000)
  object space 83968K, 0% used [0x0000000785000000,0x0000000785059cf8,0x000000078a200000)
 PSPermGen       total 21504K, used 10750K [0x000000077fe00000, 0x0000000781300000, 0x0000000785000000)
  object space 21504K, 49% used [0x000000077fe00000,0x000000078087f8f8,0x0000000781300000)
Event: 1,169 GC heap after
Heap after GC invocations=3 (full 0):
 PSYoungGen      total 36864K, used 5108K [0x00000007d7000000, 0x00000007db800000, 0x0000000800000000)
  eden space 31744K, 0% used [0x00000007d7000000,0x00000007d7000000,0x00000007d8f00000)
  from space 5120K, 99% used [0x00000007d8f00000,0x00000007d93fd288,0x00000007d9400000)
  to   space 5120K, 0% used [0x00000007db300000,0x00000007db300000,0x00000007db800000)
 ParOldGen       total 83968K, used 3335K [0x0000000785000000, 0x000000078a200000, 0x00000007d7000000)
  object space 83968K, 3% used [0x0000000785000000,0x0000000785341c98,0x000000078a200000)
 PSPermGen       total 21504K, used 10750K [0x000000077fe00000, 0x0000000781300000, 0x0000000785000000)
  object space 21504K, 49% used [0x000000077fe00000,0x000000078087f8f8,0x0000000781300000)
}
Event: 1,421 GC heap before
{Heap before GC invocations=4 (full 0):
 PSYoungGen      total 36864K, used 36852K [0x00000007d7000000, 0x00000007db800000, 0x0000000800000000)
  eden space 31744K, 100% used [0x00000007d7000000,0x00000007d8f00000,0x00000007d8f00000)
  from space 5120K, 99% used [0x00000007d8f00000,0x00000007d93fd288,0x00000007d9400000)
  to   space 5120K, 0% used [0x00000007db300000,0x00000007db300000,0x00000007db800000)
 ParOldGen       total 83968K, used 3335K [0x0000000785000000, 0x000000078a200000, 0x00000007d7000000)
  object space 83968K, 3% used [0x0000000785000000,0x0000000785341c98,0x000000078a200000)
 PSPermGen       total 21504K, used 11769K [0x000000077fe00000, 0x0000000781300000, 0x0000000785000000)
  object space 21504K, 54% used [0x000000077fe00000,0x000000078097e7f8,0x0000000781300000)
Event: 1,427 GC heap after
Heap after GC invocations=4 (full 0):
 PSYoungGen      total 68608K, used 5113K [0x00000007d7000000, 0x00000007db800000, 0x0000000800000000)
  eden space 63488K, 0% used [0x00000007d7000000,0x00000007d7000000,0x00000007dae00000)
  from space 5120K, 99% used [0x00000007db300000,0x00000007db7fe540,0x00000007db800000)
  to   space 5120K, 0% used [0x00000007dae00000,0x00000007dae00000,0x00000007db300000)
 ParOldGen       total 83968K, used 10445K [0x0000000785000000, 0x000000078a200000, 0x00000007d7000000)
  object space 83968K, 12% used [0x0000000785000000,0x0000000785a33400,0x000000078a200000)
 PSPermGen       total 21504K, used 11769K [0x000000077fe00000, 0x0000000781300000, 0x0000000785000000)
  object space 21504K, 54% used [0x000000077fe00000,0x000000078097e7f8,0x0000000781300000)
}
Event: 2,083 GC heap before
{Heap before GC invocations=5 (full 0):
 PSYoungGen      total 68608K, used 68601K [0x00000007d7000000, 0x00000007db800000, 0x0000000800000000)
  eden space 63488K, 100% used [0x00000007d7000000,0x00000007dae00000,0x00000007dae00000)
  from space 5120K, 99% used [0x00000007db300000,0x00000007db7fe540,0x00000007db800000)
  to   space 5120K, 0% used [0x00000007dae00000,0x00000007dae00000,0x00000007db300000)
 ParOldGen       total 83968K, used 10445K [0x0000000785000000, 0x000000078a200000, 0x00000007d7000000)
  object space 83968K, 12% used [0x0000000785000000,0x0000000785a33400,0x000000078a200000)
 PSPermGen       total 21504K, used 13371K [0x000000077fe00000, 0x0000000781300000, 0x0000000785000000)
  object space 21504K, 62% used [0x000000077fe00000,0x0000000780b0ef88,0x0000000781300000)
Event: 2,093 GC heap after
Heap after GC invocations=5 (full 0):
 PSYoungGen      total 68608K, used 5089K [0x00000007d7000000, 0x00000007e0a00000, 0x0000000800000000)
  eden space 63488K, 0% used [0x00000007d7000000,0x00000007d7000000,0x00000007dae00000)
  from space 5120K, 99% used [0x00000007dae00000,0x00000007db2f8470,0x00000007db300000)
  to   space 15360K, 0% used [0x00000007dfb00000,0x00000007dfb00000,0x00000007e0a00000)
 ParOldGen       total 83968K, used 17265K [0x0000000785000000, 0x000000078a200000, 0x00000007d7000000)
  object space 83968K, 20% used [0x0000000785000000,0x00000007860dc7a0,0x000000078a200000)
 PSPermGen       total 21504K, used 13371K [0x000000077fe00000, 0x0000000781300000, 0x0000000785000000)
  object space 21504K, 62% used [0x000000077fe00000,0x0000000780b0ef88,0x0000000781300000)
}
Event: 7,806 GC heap before
{Heap before GC invocations=6 (full 0):
 PSYoungGen      total 68608K, used 68577K [0x00000007d7000000, 0x00000007e0a00000, 0x0000000800000000)
  eden space 63488K, 100% used [0x00000007d7000000,0x00000007dae00000,0x00000007dae00000)
  from space 5120K, 99% used [0x00000007dae00000,0x00000007db2f8470,0x00000007db300000)
  to   space 15360K, 0% used [0x00000007dfb00000,0x00000007dfb00000,0x00000007e0a00000)
 ParOldGen       total 83968K, used 17265K [0x0000000785000000, 0x000000078a200000, 0x00000007d7000000)
  object space 83968K, 20% used [0x0000000785000000,0x00000007860dc7a0,0x000000078a200000)
 PSPermGen       total 21504K, used 14590K [0x000000077fe00000, 0x0000000781300000, 0x0000000785000000)
  object space 21504K, 67% used [0x000000077fe00000,0x0000000780c3f9a8,0x0000000781300000)
Event: 7,811 GC heap after
Heap after GC invocations=6 (full 0):
 PSYoungGen      total 141312K, used 6402K [0x00000007d7000000, 0x00000007e0900000, 0x0000000800000000)
  eden space 126976K, 0% used [0x00000007d7000000,0x00000007d7000000,0x00000007dec00000)
  from space 14336K, 44% used [0x00000007dfb00000,0x00000007e01409f0,0x00000007e0900000)
  to   space 14848K, 0% used [0x00000007dec00000,0x00000007dec00000,0x00000007dfa80000)
 ParOldGen       total 83968K, used 17265K [0x0000000785000000, 0x000000078a200000, 0x00000007d7000000)
  object space 83968K, 20% used [0x0000000785000000,0x00000007860dc7a0,0x000000078a200000)
 PSPermGen       total 21504K, used 14590K [0x000000077fe00000, 0x0000000781300000, 0x0000000785000000)
  object space 21504K, 67% used [0x000000077fe00000,0x0000000780c3f9a8,0x0000000781300000)
}

Deoptimization events (10 events):
Event: 7,406 Thread 0x00007f3828004800 Uncommon trap: reason=class_check action=maybe_recompile pc=0x00007f3891108be0 method=kotlin.KotlinPackage$src$_Iterables$4b9c149f.filterTo(Ljava/lang/Iterable;Ljava/util/Collection;Ljet/Function1;)Ljava/util/Collection; @ 1
Event: 7,661 Thread 0x00007f3828004800 Uncommon trap: reason=unreached action=reinterpret pc=0x00007f3891110180 method=java.util.ArrayList.indexOf(Ljava/lang/Object;)I @ 1
Event: 7,969 Thread 0x00007f3828004800 Uncommon trap: reason=class_check action=maybe_recompile pc=0x00007f38910d9bc8 method=java.util.zip.ZipInputStream.closeEntry()V @ 15
Event: 7,969 Thread 0x00007f3828004800 Uncommon trap: reason=bimorphic action=maybe_recompile pc=0x00007f38910a8ce4 method=java.util.zip.InflaterInputStream.read([BII)I @ 100
Event: 7,969 Thread 0x00007f3828004800 Uncommon trap: reason=bimorphic action=maybe_recompile pc=0x00007f38910a8ce4 method=java.util.zip.InflaterInputStream.read([BII)I @ 100
Event: 7,969 Thread 0x00007f3828004800 Uncommon trap: reason=bimorphic action=maybe_recompile pc=0x00007f38910a8ce4 method=java.util.zip.InflaterInputStream.read([BII)I @ 100
Event: 7,970 Thread 0x00007f3828004800 Uncommon trap: reason=bimorphic action=maybe_recompile pc=0x00007f38910a8ce4 method=java.util.zip.InflaterInputStream.read([BII)I @ 100
Event: 7,978 Thread 0x00007f3828004800 Uncommon trap: reason=unreached action=reinterpret pc=0x00007f389117fefc method=java.lang.ClassLoader.getClassLoadingLock(Ljava/lang/String;)Ljava/lang/Object; @ 6
Event: 7,978 Thread 0x00007f3828004800 Uncommon trap: reason=unreached action=reinterpret pc=0x00007f3891164f1c method=java.lang.ClassLoader.getClassLoadingLock(Ljava/lang/String;)Ljava/lang/Object; @ 6
Event: 8,079 Thread 0x00007f3838005000 Uncommon trap: reason=class_check action=maybe_recompile pc=0x00007f38910d9bc8 method=java.util.zip.ZipInputStream.closeEntry()V @ 15

Internal exceptions (10 events):
Event: 8,085 Thread 0x00007f3838005000 Threw 0x00000007d9cd5fe0 at /HUDSON/workspace/7u-2-build-linux-amd64/jdk7u55/869/hotspot/src/share/vm/prims/jvm.cpp:1244
Event: 8,085 Thread 0x00007f3838005000 Threw 0x00000007d9cd65f0 at /HUDSON/workspace/7u-2-build-linux-amd64/jdk7u55/869/hotspot/src/share/vm/prims/jvm.cpp:1244
Event: 8,086 Thread 0x00007f3838005000 Threw 0x00000007d9cd6d00 at /HUDSON/workspace/7u-2-build-linux-amd64/jdk7u55/869/hotspot/src/share/vm/prims/jvm.cpp:1244
Event: 8,086 Thread 0x00007f3838005000 Threw 0x00000007d9cd7310 at /HUDSON/workspace/7u-2-build-linux-amd64/jdk7u55/869/hotspot/src/share/vm/prims/jvm.cpp:1244
Event: 8,086 Thread 0x00007f3838005000 Threw 0x00000007d9cd7a20 at /HUDSON/workspace/7u-2-build-linux-amd64/jdk7u55/869/hotspot/src/share/vm/prims/jvm.cpp:1244
Event: 8,086 Thread 0x00007f3838005000 Threw 0x00000007d9cd81f8 at /HUDSON/workspace/7u-2-build-linux-amd64/jdk7u55/869/hotspot/src/share/vm/prims/jvm.cpp:1244
Event: 8,086 Thread 0x00007f3838005000 Threw 0x00000007d9cd8908 at /HUDSON/workspace/7u-2-build-linux-amd64/jdk7u55/869/hotspot/src/share/vm/prims/jvm.cpp:1244
Event: 8,086 Thread 0x00007f3838005000 Threw 0x00000007d9cd8f18 at /HUDSON/workspace/7u-2-build-linux-amd64/jdk7u55/869/hotspot/src/share/vm/prims/jvm.cpp:1244
Event: 8,086 Thread 0x00007f3838005000 Threw 0x00000007d9cd9628 at /HUDSON/workspace/7u-2-build-linux-amd64/jdk7u55/869/hotspot/src/share/vm/prims/jvm.cpp:1244
Event: 8,086 Thread 0x00007f3838005000 Threw 0x00000007d9cd9c38 at /HUDSON/workspace/7u-2-build-linux-amd64/jdk7u55/869/hotspot/src/share/vm/prims/jvm.cpp:1244

Events (10 events):
Event: 8,085 loading class 0x00007f38200218d0
Event: 8,085 loading class 0x00007f38200218d0 done
Event: 8,086 loading class 0x00007f38200218d0
Event: 8,086 loading class 0x00007f38200218d0 done
Event: 8,086 loading class 0x00007f38200218d0
Event: 8,086 loading class 0x00007f38200218d0 done
Event: 8,086 loading class 0x00007f38200218d0
Event: 8,086 loading class 0x00007f38200218d0 done
Event: 8,086 loading class 0x00007f38200218d0
Event: 8,086 loading class 0x00007f38200218d0 done


Dynamic libraries:
00400000-00401000 r-xp 00000000 08:06 789949                             /usr/lib/jvm/java-7-oracle/jre/bin/java
00600000-00601000 rw-p 00000000 08:06 789949                             /usr/lib/jvm/java-7-oracle/jre/bin/java
00b39000-00b5a000 rw-p 00000000 00:00 0                                  [heap]
77fe00000-781300000 rw-p 00000000 00:00 0 
781300000-785000000 rw-p 00000000 00:00 0 
785000000-78a200000 rw-p 00000000 00:00 0 
78a200000-7d7000000 rw-p 00000000 00:00 0 
7d7000000-7e0900000 rw-p 00000000 00:00 0 
7e0900000-7e0a00000 ---p 00000000 00:00 0 
7e0a00000-800000000 rw-p 00000000 00:00 0 
7f3818000000-7f381809d000 rw-p 00000000 00:00 0 
7f381809d000-7f381c000000 ---p 00000000 00:00 0 
7f3820000000-7f382018f000 rw-p 00000000 00:00 0 
7f382018f000-7f3824000000 ---p 00000000 00:00 0 
7f3824000000-7f3824094000 rw-p 00000000 00:00 0 
7f3824094000-7f3828000000 ---p 00000000 00:00 0 
7f3828000000-7f382824d000 rw-p 00000000 00:00 0 
7f382824d000-7f382c000000 ---p 00000000 00:00 0 
7f382c000000-7f382c097000 rw-p 00000000 00:00 0 
7f382c097000-7f3830000000 ---p 00000000 00:00 0 
7f3830000000-7f3830021000 rw-p 00000000 00:00 0 
7f3830021000-7f3834000000 ---p 00000000 00:00 0 
7f3834000000-7f383410b000 rw-p 00000000 00:00 0 
7f383410b000-7f3838000000 ---p 00000000 00:00 0 
7f3838000000-7f3838021000 rw-p 00000000 00:00 0 
7f3838021000-7f383c000000 ---p 00000000 00:00 0 
7f383c000000-7f383c052000 rw-p 00000000 00:00 0 
7f383c052000-7f3840000000 ---p 00000000 00:00 0 
7f3840000000-7f384009f000 rw-p 00000000 00:00 0 
7f384009f000-7f3844000000 ---p 00000000 00:00 0 
7f3844000000-7f3844021000 rw-p 00000000 00:00 0 
7f3844021000-7f3848000000 ---p 00000000 00:00 0 
7f3848000000-7f3848021000 rw-p 00000000 00:00 0 
7f3848021000-7f384c000000 ---p 00000000 00:00 0 
7f384c000000-7f384c02e000 rw-p 00000000 00:00 0 
7f384c02e000-7f3850000000 ---p 00000000 00:00 0 
7f3850000000-7f3851198000 rw-p 00000000 00:00 0 
7f3851198000-7f3854000000 ---p 00000000 00:00 0 
7f3854000000-7f3854021000 rw-p 00000000 00:00 0 
7f3854021000-7f3858000000 ---p 00000000 00:00 0 
7f3858000000-7f3858021000 rw-p 00000000 00:00 0 
7f3858021000-7f385c000000 ---p 00000000 00:00 0 
7f385c000000-7f385cc33000 rw-p 00000000 00:00 0 
7f385cc33000-7f3860000000 ---p 00000000 00:00 0 
7f3860000000-7f3860021000 rw-p 00000000 00:00 0 
7f3860021000-7f3864000000 ---p 00000000 00:00 0 
7f3864000000-7f3864021000 rw-p 00000000 00:00 0 
7f3864021000-7f3868000000 ---p 00000000 00:00 0 
7f3868000000-7f3868021000 rw-p 00000000 00:00 0 
7f3868021000-7f386c000000 ---p 00000000 00:00 0 
7f386fff0000-7f3874000000 rw-p 00000000 00:00 0 
7f3874000000-7f3874021000 rw-p 00000000 00:00 0 
7f3874021000-7f3878000000 ---p 00000000 00:00 0 
7f3878000000-7f3878021000 rw-p 00000000 00:00 0 
7f3878021000-7f387c000000 ---p 00000000 00:00 0 
7f387c000000-7f387c021000 rw-p 00000000 00:00 0 
7f387c021000-7f3880000000 ---p 00000000 00:00 0 
7f3884000000-7f3884021000 rw-p 00000000 00:00 0 
7f3884021000-7f3888000000 ---p 00000000 00:00 0 
7f388a60a000-7f388a60d000 ---p 00000000 00:00 0 
7f388a60d000-7f388a70b000 rw-p 00000000 00:00 0 
7f388a70b000-7f388a70e000 ---p 00000000 00:00 0 
7f388a70e000-7f388a80c000 rw-p 00000000 00:00 0 
7f388a80c000-7f388a80f000 ---p 00000000 00:00 0 
7f388a80f000-7f388a90d000 rw-p 00000000 00:00 0 
7f388a90d000-7f388a910000 ---p 00000000 00:00 0 
7f388a910000-7f388aa0e000 rw-p 00000000 00:00 0                          [stack:19830]
7f388aa0e000-7f388aa11000 ---p 00000000 00:00 0 
7f388aa11000-7f388ab0f000 rw-p 00000000 00:00 0                          [stack:19827]
7f388ab0f000-7f388ab12000 ---p 00000000 00:00 0 
7f388ab12000-7f388ac10000 rw-p 00000000 00:00 0                          [stack:19833]
7f388ac10000-7f388ac26000 r-xp 00000000 08:06 791407                     /usr/lib/jvm/java-7-oracle/jre/lib/amd64/libnet.so
7f388ac26000-7f388ae26000 ---p 00016000 08:06 791407                     /usr/lib/jvm/java-7-oracle/jre/lib/amd64/libnet.so
7f388ae26000-7f388ae27000 rw-p 00016000 08:06 791407                     /usr/lib/jvm/java-7-oracle/jre/lib/amd64/libnet.so
7f388ae27000-7f388ae2a000 ---p 00000000 00:00 0 
7f388ae2a000-7f388af28000 rw-p 00000000 00:00 0 
7f388af28000-7f388af2b000 ---p 00000000 00:00 0 
7f388af2b000-7f388b029000 rw-p 00000000 00:00 0                          [stack:19801]
7f388b029000-7f388b02c000 ---p 00000000 00:00 0 
7f388b02c000-7f388b12a000 rw-p 00000000 00:00 0                          [stack:19824]
7f388b12a000-7f388b12d000 ---p 00000000 00:00 0 
7f388b12d000-7f388b22b000 rw-p 00000000 00:00 0 
7f388b22b000-7f388b22e000 ---p 00000000 00:00 0 
7f388b22e000-7f388b32c000 rw-p 00000000 00:00 0 
7f388b32c000-7f388b32f000 ---p 00000000 00:00 0 
7f388b32f000-7f388b42d000 rw-p 00000000 00:00 0 
7f388b42d000-7f388b430000 ---p 00000000 00:00 0 
7f388b430000-7f388b52e000 rw-p 00000000 00:00 0                          [stack:19783]
7f388b52e000-7f388b52f000 ---p 00000000 00:00 0 
7f388b52f000-7f388b62f000 rw-p 00000000 00:00 0                          [stack:19782]
7f388b62f000-7f388b632000 ---p 00000000 00:00 0 
7f388b632000-7f388b730000 rw-p 00000000 00:00 0                          [stack:19781]
7f388b730000-7f388b733000 ---p 00000000 00:00 0 
7f388b733000-7f388b831000 rw-p 00000000 00:00 0                          [stack:19780]
7f388b831000-7f388b834000 ---p 00000000 00:00 0 
7f388b834000-7f388b932000 rw-p 00000000 00:00 0                          [stack:19779]
7f388b932000-7f388b935000 ---p 00000000 00:00 0 
7f388b935000-7f388ba33000 rw-p 00000000 00:00 0                          [stack:19835]
7f388ba33000-7f388ba36000 ---p 00000000 00:00 0 
7f388ba36000-7f388bb34000 rw-p 00000000 00:00 0                          [stack:19777]
7f388bb34000-7f388bdfe000 r--p 00000000 08:06 786648                     /usr/lib/locale/locale-archive
7f388bdfe000-7f388be01000 ---p 00000000 00:00 0 
7f388be01000-7f388beff000 rw-p 00000000 00:00 0                          [stack:19776]
7f388beff000-7f388bf02000 ---p 00000000 00:00 0 
7f388bf02000-7f388c000000 rw-p 00000000 00:00 0                          [stack:19775]
7f388c000000-7f388c021000 rw-p 00000000 00:00 0 
7f388c021000-7f3890000000 ---p 00000000 00:00 0 
7f3890024000-7f3890049000 r--s 002db000 08:07 1447868                    /home/inti/programs/kevoree-microsandbox/org.kevoree.microsandbox.watchdog/directoryMagic/jar/xalan.jar
7f3890049000-7f389006e000 r--s 002db000 08:07 1447868                    /home/inti/programs/kevoree-microsandbox/org.kevoree.microsandbox.watchdog/directoryMagic/jar/xalan.jar
7f389006e000-7f38900f1000 r--s 005ed000 08:06 393271                     /tmp/ext-agent1.1.jar
7f38900f1000-7f38900f2000 ---p 00000000 00:00 0 
7f38900f2000-7f3891000000 rw-p 00000000 00:00 0                          [stack:19774]
7f3891000000-7f3891270000 rwxp 00000000 00:00 0 
7f3891270000-7f3894918000 rw-p 00000000 00:00 0 
7f3894918000-7f3898000000 ---p 00000000 00:00 0 
7f3898002000-7f3898019000 r--s 00110000 08:07 1447869                    /home/inti/programs/kevoree-microsandbox/org.kevoree.microsandbox.watchdog/directoryMagic/jar/xercesImpl.jar
7f3898019000-7f389803f000 r--s 00157000 08:07 1575271                    /home/inti/.m2/repository/org/kevoree/tools/org.kevoree.tools.marShell.pack/2.0.12/org.kevoree.tools.marShell.pack-2.0.12.jar
7f389803f000-7f3898062000 r--s 00327000 08:06 393250                     /tmp/kevoree-runtime-2.0.12.jar
7f3898062000-7f38981ae000 rw-p 00000000 00:00 0 
7f38981ae000-7f389836c000 r--s 039d0000 08:06 796100                     /usr/lib/jvm/java-7-oracle/jre/lib/rt.jar
7f389836c000-7f3898867000 rw-p 00000000 00:00 0 
7f3898867000-7f3898868000 ---p 00000000 00:00 0 
7f3898868000-7f3898968000 rw-p 00000000 00:00 0                          [stack:19773]
7f3898968000-7f3898969000 ---p 00000000 00:00 0 
7f3898969000-7f3898a69000 rw-p 00000000 00:00 0                          [stack:19772]
7f3898a69000-7f3898a6a000 ---p 00000000 00:00 0 
7f3898a6a000-7f3898b6a000 rw-p 00000000 00:00 0                          [stack:19771]
7f3898b6a000-7f3898b6b000 ---p 00000000 00:00 0 
7f3898b6b000-7f3898c76000 rw-p 00000000 00:00 0                          [stack:19770]
7f3898c76000-7f3898c94000 rw-p 00000000 00:00 0 
7f3898c94000-7f3898cbd000 rw-p 00000000 00:00 0 
7f3898cbd000-7f3898f24000 rw-p 00000000 00:00 0 
7f3898f24000-7f3898f2f000 rw-p 00000000 00:00 0 
7f3898f2f000-7f3898f4d000 rw-p 00000000 00:00 0 
7f3898f4d000-7f3898f76000 rw-p 00000000 00:00 0 
7f3898f76000-7f38991dd000 rw-p 00000000 00:00 0 
7f38991dd000-7f389922a000 rw-p 00000000 00:00 0 
7f389922a000-7f3899325000 rw-p 00000000 00:00 0 
7f3899325000-7f3899326000 rw-p 00000000 00:00 0 
7f3899326000-7f3899340000 r-xp 00000000 08:06 793955                     /usr/lib/jvm/java-7-oracle/jre/lib/amd64/libzip.so
7f3899340000-7f3899540000 ---p 0001a000 08:06 793955                     /usr/lib/jvm/java-7-oracle/jre/lib/amd64/libzip.so
7f3899540000-7f3899541000 rw-p 0001a000 08:06 793955                     /usr/lib/jvm/java-7-oracle/jre/lib/amd64/libzip.so
7f3899541000-7f389954c000 r-xp 00000000 08:06 393433                     /lib/x86_64-linux-gnu/libnss_files-2.19.so
7f389954c000-7f389974b000 ---p 0000b000 08:06 393433                     /lib/x86_64-linux-gnu/libnss_files-2.19.so
7f389974b000-7f389974c000 r--p 0000a000 08:06 393433                     /lib/x86_64-linux-gnu/libnss_files-2.19.so
7f389974c000-7f389974d000 rw-p 0000b000 08:06 393433                     /lib/x86_64-linux-gnu/libnss_files-2.19.so
7f389974d000-7f3899758000 r-xp 00000000 08:06 393440                     /lib/x86_64-linux-gnu/libnss_nis-2.19.so
7f3899758000-7f3899957000 ---p 0000b000 08:06 393440                     /lib/x86_64-linux-gnu/libnss_nis-2.19.so
7f3899957000-7f3899958000 r--p 0000a000 08:06 393440                     /lib/x86_64-linux-gnu/libnss_nis-2.19.so
7f3899958000-7f3899959000 rw-p 0000b000 08:06 393440                     /lib/x86_64-linux-gnu/libnss_nis-2.19.so
7f3899959000-7f3899970000 r-xp 00000000 08:06 393437                     /lib/x86_64-linux-gnu/libnsl-2.19.so
7f3899970000-7f3899b6f000 ---p 00017000 08:06 393437                     /lib/x86_64-linux-gnu/libnsl-2.19.so
7f3899b6f000-7f3899b70000 r--p 00016000 08:06 393437                     /lib/x86_64-linux-gnu/libnsl-2.19.so
7f3899b70000-7f3899b71000 rw-p 00017000 08:06 393437                     /lib/x86_64-linux-gnu/libnsl-2.19.so
7f3899b71000-7f3899b73000 rw-p 00000000 00:00 0 
7f3899b73000-7f3899b7c000 r-xp 00000000 08:06 393441                     /lib/x86_64-linux-gnu/libnss_compat-2.19.so
7f3899b7c000-7f3899d7b000 ---p 00009000 08:06 393441                     /lib/x86_64-linux-gnu/libnss_compat-2.19.so
7f3899d7b000-7f3899d7c000 r--p 00008000 08:06 393441                     /lib/x86_64-linux-gnu/libnss_compat-2.19.so
7f3899d7c000-7f3899d7d000 rw-p 00009000 08:06 393441                     /lib/x86_64-linux-gnu/libnss_compat-2.19.so
7f3899d7d000-7f3899d87000 r-xp 00000000 08:06 793910                     /usr/lib/jvm/java-7-oracle/jre/lib/amd64/libinstrument.so
7f3899d87000-7f3899f86000 ---p 0000a000 08:06 793910                     /usr/lib/jvm/java-7-oracle/jre/lib/amd64/libinstrument.so
7f3899f86000-7f3899f87000 rw-p 00009000 08:06 793910                     /usr/lib/jvm/java-7-oracle/jre/lib/amd64/libinstrument.so
7f3899f87000-7f3899fb0000 r-xp 00000000 08:06 793040                     /usr/lib/jvm/java-7-oracle/jre/lib/amd64/libjava.so
7f3899fb0000-7f389a1b0000 ---p 00029000 08:06 793040                     /usr/lib/jvm/java-7-oracle/jre/lib/amd64/libjava.so
7f389a1b0000-7f389a1b2000 rw-p 00029000 08:06 793040                     /usr/lib/jvm/java-7-oracle/jre/lib/amd64/libjava.so
7f389a1b2000-7f389a1bf000 r-xp 00000000 08:06 791550                     /usr/lib/jvm/java-7-oracle/jre/lib/amd64/libverify.so
7f389a1bf000-7f389a3be000 ---p 0000d000 08:06 791550                     /usr/lib/jvm/java-7-oracle/jre/lib/amd64/libverify.so
7f389a3be000-7f389a3c0000 rw-p 0000c000 08:06 791550                     /usr/lib/jvm/java-7-oracle/jre/lib/amd64/libverify.so
7f389a3c0000-7f389a3c7000 r-xp 00000000 08:06 393448                     /lib/x86_64-linux-gnu/librt-2.19.so
7f389a3c7000-7f389a5c6000 ---p 00007000 08:06 393448                     /lib/x86_64-linux-gnu/librt-2.19.so
7f389a5c6000-7f389a5c7000 r--p 00006000 08:06 393448                     /lib/x86_64-linux-gnu/librt-2.19.so
7f389a5c7000-7f389a5c8000 rw-p 00007000 08:06 393448                     /lib/x86_64-linux-gnu/librt-2.19.so
7f389a5c8000-7f389a6cd000 r-xp 00000000 08:06 393434                     /lib/x86_64-linux-gnu/libm-2.19.so
7f389a6cd000-7f389a8cc000 ---p 00105000 08:06 393434                     /lib/x86_64-linux-gnu/libm-2.19.so
7f389a8cc000-7f389a8cd000 r--p 00104000 08:06 393434                     /lib/x86_64-linux-gnu/libm-2.19.so
7f389a8cd000-7f389a8ce000 rw-p 00105000 08:06 393434                     /lib/x86_64-linux-gnu/libm-2.19.so
7f389a8ce000-7f389b430000 r-xp 00000000 08:06 791948                     /usr/lib/jvm/java-7-oracle/jre/lib/amd64/server/libjvm.so
7f389b430000-7f389b630000 ---p 00b62000 08:06 791948                     /usr/lib/jvm/java-7-oracle/jre/lib/amd64/server/libjvm.so
7f389b630000-7f389b6f3000 rw-p 00b62000 08:06 791948                     /usr/lib/jvm/java-7-oracle/jre/lib/amd64/server/libjvm.so
7f389b6f3000-7f389b734000 rw-p 00000000 00:00 0 
7f389b734000-7f389b8f0000 r-xp 00000000 08:06 393431                     /lib/x86_64-linux-gnu/libc-2.19.so
7f389b8f0000-7f389baef000 ---p 001bc000 08:06 393431                     /lib/x86_64-linux-gnu/libc-2.19.so
7f389baef000-7f389baf3000 r--p 001bb000 08:06 393431                     /lib/x86_64-linux-gnu/libc-2.19.so
7f389baf3000-7f389baf5000 rw-p 001bf000 08:06 393431                     /lib/x86_64-linux-gnu/libc-2.19.so
7f389baf5000-7f389bafa000 rw-p 00000000 00:00 0 
7f389bafa000-7f389bafd000 r-xp 00000000 08:06 393444                     /lib/x86_64-linux-gnu/libdl-2.19.so
7f389bafd000-7f389bcfc000 ---p 00003000 08:06 393444                     /lib/x86_64-linux-gnu/libdl-2.19.so
7f389bcfc000-7f389bcfd000 r--p 00002000 08:06 393444                     /lib/x86_64-linux-gnu/libdl-2.19.so
7f389bcfd000-7f389bcfe000 rw-p 00003000 08:06 393444                     /lib/x86_64-linux-gnu/libdl-2.19.so
7f389bcfe000-7f389bd14000 r-xp 00000000 08:06 791413                     /usr/lib/jvm/java-7-oracle/jre/lib/amd64/jli/libjli.so
7f389bd14000-7f389bf14000 ---p 00016000 08:06 791413                     /usr/lib/jvm/java-7-oracle/jre/lib/amd64/jli/libjli.so
7f389bf14000-7f389bf15000 rw-p 00016000 08:06 791413                     /usr/lib/jvm/java-7-oracle/jre/lib/amd64/jli/libjli.so
7f389bf15000-7f389bf2e000 r-xp 00000000 08:06 393447                     /lib/x86_64-linux-gnu/libpthread-2.19.so
7f389bf2e000-7f389c12d000 ---p 00019000 08:06 393447                     /lib/x86_64-linux-gnu/libpthread-2.19.so
7f389c12d000-7f389c12e000 r--p 00018000 08:06 393447                     /lib/x86_64-linux-gnu/libpthread-2.19.so
7f389c12e000-7f389c12f000 rw-p 00019000 08:06 393447                     /lib/x86_64-linux-gnu/libpthread-2.19.so
7f389c12f000-7f389c133000 rw-p 00000000 00:00 0 
7f389c133000-7f389c156000 r-xp 00000000 08:06 393430                     /lib/x86_64-linux-gnu/ld-2.19.so
7f389c159000-7f389c15d000 r--s 00040000 08:07 1447879                    /home/inti/programs/kevoree-microsandbox/org.kevoree.microsandbox.watchdog/directoryMagic/jar/serializer.jar
7f389c15d000-7f389c165000 r--s 00028000 08:07 1447876                    /home/inti/programs/kevoree-microsandbox/org.kevoree.microsandbox.watchdog/directoryMagic/jar/xml-apis.jar
7f389c165000-7f389c169000 r--s 09f57000 08:07 407506                     /home/inti/Downloads/dacapo-9.12-bach.jar
7f389c16b000-7f389c16e000 r--s 00012000 08:07 1575921                    /home/inti/.m2/repository/org/kevoree/microsandbox/org.kevoree.microsandbox.cgroupNode/1.1/org.kevoree.microsandbox.cgroupNode-1.1.jar
7f389c16e000-7f389c178000 rw-p 00000000 00:00 0 
7f389c178000-7f389c22e000 rw-p 00000000 00:00 0 
7f389c22e000-7f389c231000 ---p 00000000 00:00 0 
7f389c231000-7f389c333000 rw-p 00000000 00:00 0                          [stack:19769]
7f389c334000-7f389c335000 rw-p 00000000 00:00 0 
7f389c335000-7f389c33e000 r--s 00251000 08:06 796149                     /usr/lib/jvm/java-7-oracle/jre/lib/resources.jar
7f389c33e000-7f389c33f000 r--s 00001000 08:07 1447859                    /home/inti/programs/kevoree-microsandbox/org.kevoree.microsandbox.watchdog/directoryMagic/jar/xalan-benchmark.jar
7f389c33f000-7f389c341000 r--s 00019000 08:06 796147                     /usr/lib/jvm/java-7-oracle/jre/lib/jce.jar
7f389c341000-7f389c345000 r--s 0008a000 08:06 796178                     /usr/lib/jvm/java-7-oracle/jre/lib/jsse.jar
7f389c345000-7f389c348000 r--s 0000d000 08:06 393265                     /tmp/shared-res-1.1.jar
7f389c348000-7f389c349000 r--s 00002000 08:06 393263                     /tmp/ext-rt.jar
7f389c349000-7f389c351000 rw-s 00000000 08:06 524364                     /tmp/hsperfdata_root/19768
7f389c351000-7f389c352000 rw-p 00000000 00:00 0 
7f389c352000-7f389c353000 r--p 00000000 00:00 0 
7f389c353000-7f389c355000 rw-p 00000000 00:00 0 
7f389c355000-7f389c356000 r--p 00022000 08:06 393430                     /lib/x86_64-linux-gnu/ld-2.19.so
7f389c356000-7f389c357000 rw-p 00023000 08:06 393430                     /lib/x86_64-linux-gnu/ld-2.19.so
7f389c357000-7f389c358000 rw-p 00000000 00:00 0 
7fff04fa1000-7fff04fc2000 rw-p 00000000 00:00 0                          [stack]
7fff04ffe000-7fff05000000 r-xp 00000000 00:00 0                          [vdso]
ffffffffff600000-ffffffffff601000 r-xp 00000000 00:00 0                  [vsyscall]

VM Arguments:
jvm_args: -Dnode.bootstrap=../org.kevoree.microsandbox.cgroupNode/src/main/kevs/experiment-overhead/distributDeployment.kevs -Dproject.version=1.1 -Duse.criu=true -Dexperiment.log=testingDistributedDeployment.log -Dkevoree.corelibrary.version=2.0.5 -Dnode.name=node0 -Dinterproccess.lock.library=/home/inti/programs/kevoree-microsandbox/org.ipc.memory/libInterprocessLock.so -Dthread.control.library=/home/inti/programs/kevoree-microsandbox/org.kevoree.microsandbox.cgroupNode/libCPUThreadControl.so -Xbootclasspath/p:/tmp/ext-rt.jar:/tmp/shared-res-1.1.jar -javaagent:/tmp/ext-agent1.1.jar 
java_command: /tmp/kevoree-runtime-2.0.12.jar
Launcher Type: SUN_STANDARD

Environment Variables:
PATH=/usr/local/sbin:/usr/local/bin:/usr/sbin:/usr/bin:/sbin:/bin
USERNAME=root
SHELL=/bin/bash
DISPLAY=:0

Signal Handlers:
SIGSEGV: [libjvm.so+0x993980], sa_mask[0]=0x7ffbfeff, sa_flags=0x10000004
SIGBUS: [libjvm.so+0x993980], sa_mask[0]=0x7ffbfeff, sa_flags=0x10000004
SIGFPE: [libjvm.so+0x8106e0], sa_mask[0]=0x7ffbfeff, sa_flags=0x10000004
SIGPIPE: [libjvm.so+0x8106e0], sa_mask[0]=0x7ffbfeff, sa_flags=0x10000004
SIGXFSZ: [libjvm.so+0x8106e0], sa_mask[0]=0x7ffbfeff, sa_flags=0x10000004
SIGILL: [libjvm.so+0x8106e0], sa_mask[0]=0x7ffbfeff, sa_flags=0x10000004
SIGUSR1: SIG_DFL, sa_mask[0]=0x00000000, sa_flags=0x00000000
SIGUSR2: [libjvm.so+0x811bd0], sa_mask[0]=0x00000000, sa_flags=0x10000004
SIGHUP: [libjvm.so+0x812b40], sa_mask[0]=0x7ffbfeff, sa_flags=0x10000004
SIGINT: [libjvm.so+0x812b40], sa_mask[0]=0x7ffbfeff, sa_flags=0x10000004
SIGTERM: [libjvm.so+0x812b40], sa_mask[0]=0x7ffbfeff, sa_flags=0x10000004
SIGQUIT: [libjvm.so+0x812b40], sa_mask[0]=0x7ffbfeff, sa_flags=0x10000004


---------------  S Y S T E M  ---------------

OS:jessie/sid

uname:Linux 3.13.5 #4 SMP Wed Mar 5 17:59:04 CET 2014 x86_64
libc:glibc 2.19 NPTL 2.19 
rlimit: STACK 8192k, CORE 0k, NPROC 61728, NOFILE 4096, AS infinity
load average:0,12 0,13 0,09

/proc/meminfo:
MemTotal:        8057056 kB
MemFree:          468672 kB
Buffers:          215808 kB
Cached:          5758908 kB
SwapCached:            8 kB
Active:          3787152 kB
Inactive:        3405896 kB
Active(anon):     919144 kB
Inactive(anon):   698920 kB
Active(file):    2868008 kB
Inactive(file):  2706976 kB
Unevictable:          32 kB
Mlocked:              32 kB
SwapTotal:       8266748 kB
SwapFree:        8266544 kB
Dirty:              5132 kB
Writeback:             0 kB
AnonPages:       1219036 kB
Mapped:           202968 kB
Shmem:            398976 kB
Slab:             281336 kB
SReclaimable:     248952 kB
SUnreclaim:        32384 kB
KernelStack:        4688 kB
PageTables:        28336 kB
NFS_Unstable:          0 kB
Bounce:                0 kB
WritebackTmp:          0 kB
CommitLimit:    12295276 kB
Committed_AS:    4368044 kB
VmallocTotal:   34359738367 kB
VmallocUsed:      361360 kB
VmallocChunk:   34359363672 kB
HardwareCorrupted:     0 kB
AnonHugePages:         0 kB
HugePages_Total:       0
HugePages_Free:        0
HugePages_Rsvd:        0
HugePages_Surp:        0
Hugepagesize:       2048 kB
DirectMap4k:      107576 kB
DirectMap2M:     8161280 kB


CPU:total 4 (2 cores per cpu, 2 threads per core) family 6 model 58 stepping 9, cmov, cx8, fxsr, mmx, sse, sse2, sse3, ssse3, sse4.1, sse4.2, popcnt, avx, aes, erms, ht, tsc, tscinvbit, tscinv

/proc/cpuinfo:
processor	: 0
vendor_id	: GenuineIntel
cpu family	: 6
model		: 58
model name	: Intel(R) Core(TM) i7-3520M CPU @ 2.90GHz
stepping	: 9
microcode	: 0x12
cpu MHz		: 3399.910
cache size	: 4096 KB
physical id	: 0
siblings	: 4
core id		: 0
cpu cores	: 2
apicid		: 0
initial apicid	: 0
fpu		: yes
fpu_exception	: yes
cpuid level	: 13
wp		: yes
flags		: fpu vme de pse tsc msr pae mce cx8 apic sep mtrr pge mca cmov pat pse36 clflush dts acpi mmx fxsr sse sse2 ss ht tm pbe syscall nx rdtscp lm constant_tsc arch_perfmon pebs bts rep_good nopl xtopology nonstop_tsc aperfmperf eagerfpu pni pclmulqdq dtes64 monitor ds_cpl vmx smx est tm2 ssse3 cx16 xtpr pdcm pcid sse4_1 sse4_2 x2apic popcnt tsc_deadline_timer aes xsave avx f16c rdrand lahf_lm ida arat epb xsaveopt pln pts dtherm tpr_shadow vnmi flexpriority ept vpid fsgsbase smep erms
bogomips	: 5781.52
clflush size	: 64
cache_alignment	: 64
address sizes	: 36 bits physical, 48 bits virtual
power management:

processor	: 1
vendor_id	: GenuineIntel
cpu family	: 6
model		: 58
model name	: Intel(R) Core(TM) i7-3520M CPU @ 2.90GHz
stepping	: 9
microcode	: 0x12
cpu MHz		: 3389.488
cache size	: 4096 KB
physical id	: 0
siblings	: 4
core id		: 1
cpu cores	: 2
apicid		: 2
initial apicid	: 2
fpu		: yes
fpu_exception	: yes
cpuid level	: 13
wp		: yes
flags		: fpu vme de pse tsc msr pae mce cx8 apic sep mtrr pge mca cmov pat pse36 clflush dts acpi mmx fxsr sse sse2 ss ht tm pbe syscall nx rdtscp lm constant_tsc arch_perfmon pebs bts rep_good nopl xtopology nonstop_tsc aperfmperf eagerfpu pni pclmulqdq dtes64 monitor ds_cpl vmx smx est tm2 ssse3 cx16 xtpr pdcm pcid sse4_1 sse4_2 x2apic popcnt tsc_deadline_timer aes xsave avx f16c rdrand lahf_lm ida arat epb xsaveopt pln pts dtherm tpr_shadow vnmi flexpriority ept vpid fsgsbase smep erms
bogomips	: 5781.52
clflush size	: 64
cache_alignment	: 64
address sizes	: 36 bits physical, 48 bits virtual
power management:

processor	: 2
vendor_id	: GenuineIntel
cpu family	: 6
model		: 58
model name	: Intel(R) Core(TM) i7-3520M CPU @ 2.90GHz
stepping	: 9
microcode	: 0x12
cpu MHz		: 3399.910
cache size	: 4096 KB
physical id	: 0
siblings	: 4
core id		: 0
cpu cores	: 2
apicid		: 1
initial apicid	: 1
fpu		: yes
fpu_exception	: yes
cpuid level	: 13
wp		: yes
flags		: fpu vme de pse tsc msr pae mce cx8 apic sep mtrr pge mca cmov pat pse36 clflush dts acpi mmx fxsr sse sse2 ss ht tm pbe syscall nx rdtscp lm constant_tsc arch_perfmon pebs bts rep_good nopl xtopology nonstop_tsc aperfmperf eagerfpu pni pclmulqdq dtes64 monitor ds_cpl vmx smx est tm2 ssse3 cx16 xtpr pdcm pcid sse4_1 sse4_2 x2apic popcnt tsc_deadline_timer aes xsave avx f16c rdrand lahf_lm ida arat epb xsaveopt pln pts dtherm tpr_shadow vnmi flexpriority ept vpid fsgsbase smep erms
bogomips	: 5781.52
clflush size	: 64
cache_alignment	: 64
address sizes	: 36 bits physical, 48 bits virtual
power management:

processor	: 3
vendor_id	: GenuineIntel
cpu family	: 6
model		: 58
model name	: Intel(R) Core(TM) i7-3520M CPU @ 2.90GHz
stepping	: 9
microcode	: 0x12
cpu MHz		: 3228.742
cache size	: 4096 KB
physical id	: 0
siblings	: 4
core id		: 1
cpu cores	: 2
apicid		: 3
initial apicid	: 3
fpu		: yes
fpu_exception	: yes
cpuid level	: 13
wp		: yes
flags		: fpu vme de pse tsc msr pae mce cx8 apic sep mtrr pge mca cmov pat pse36 clflush dts acpi mmx fxsr sse sse2 ss ht tm pbe syscall nx rdtscp lm constant_tsc arch_perfmon pebs bts rep_good nopl xtopology nonstop_tsc aperfmperf eagerfpu pni pclmulqdq dtes64 monitor ds_cpl vmx smx est tm2 ssse3 cx16 xtpr pdcm pcid sse4_1 sse4_2 x2apic popcnt tsc_deadline_timer aes xsave avx f16c rdrand lahf_lm ida arat epb xsaveopt pln pts dtherm tpr_shadow vnmi flexpriority ept vpid fsgsbase smep erms
bogomips	: 5781.52
clflush size	: 64
cache_alignment	: 64
address sizes	: 36 bits physical, 48 bits virtual
power management:



Memory: 4k page, physical 8057056k(468424k free), swap 8266748k(8266544k free)

vm_info: Java HotSpot(TM) 64-Bit Server VM (24.55-b03) for linux-amd64 JRE (1.7.0_55-b13), built on Mar 17 2014 19:43:58 by "java_re" with gcc 4.3.0 20080428 (Red Hat 4.3.0-8)

time: Mon May 19 09:20:56 2014
elapsed time: 8 seconds

