Running antlr on grammar antlr/cpp/calc.g
Running antlr on grammar antlr/cpp/column.g
Running antlr on grammar antlr/cpp/data.g
Running antlr on grammar antlr/cpp/expr.g
Running antlr on grammar antlr/csharp/lexer.g
Running antlr on grammar antlr/csharp/t.g
Running antlr on grammar antlr/csharp/tinyc.g
Running antlr on grammar antlr/cpp/html.g
Running antlr on grammar antlr/csharp/track.g
Running antlr on grammar antlr/csharp/idl.g
Running antlr on grammar antlr/csharp/unicode.g
Running antlr on grammar antlr/java/calc.g
Running antlr on grammar antlr/java/data.g
Running antlr on grammar antlr/java/expr.g
Running antlr on grammar antlr/java/javalex.g
Running antlr on grammar antlr/java/html.g
Running antlr on grammar antlr/java/javaparse.g
Running antlr on grammar antlr/java/java.tree.g
Running antlr on grammar antlr/cpp/idl.g
Running antlr on grammar antlr/csharp/instr.g
Running antlr on grammar antlr/java/lexer.g
Running antlr on grammar antlr/java/idl.g
Running antlr on grammar antlr/java/links.g
Running antlr on grammar antlr/csharp/javadoclex.g
Running antlr on grammar antlr/csharp/javadocparse.g
Running antlr on grammar antlr/java/pascal.g
Running antlr on grammar antlr/csharp/java.g
Running antlr on grammar antlr/java/instr.g
Running antlr on grammar antlr/cpp/instr.g
Running antlr on grammar antlr/cpp/javadoclex.g
Running antlr on grammar antlr/java/javadoclex.g
Running antlr on grammar antlr/java/javadocparse.g
Running antlr on grammar antlr/cpp/javadocparse.g
Running antlr on grammar antlr/java/java.g
Running antlr on grammar antlr/cpp/java.g
Running antlr on grammar antlr/java/P.g
Running antlr on grammar antlr/java/rewrite.g
Running antlr on grammar antlr/java/subc.g
Running antlr on grammar antlr/java/t.g
Running antlr on grammar antlr/java/TinyBasic.g
Running antlr on grammar antlr/java/javalex.g
Running antlr on grammar antlr/cpp/javalex.g
Running antlr on grammar antlr/java/javaparse.g
Running antlr on grammar antlr/cpp/javaparse.g
Running antlr on grammar antlr/cpp/java.tree.g
Running antlr on grammar antlr/csharp/javalex.g
Running antlr on grammar antlr/csharp/javaparse.g
00:18 WARN: Kevoree Core will be stopped !
Running antlr on grammar antlr/csharp/java.tree.g
Running antlr on grammar antlr/cpp/lexer.g
Running antlr on grammar antlr/cpp/parser1.g
Running antlr on grammar antlr/cpp/parser2.g
Running antlr on grammar antlr/cpp/P.g
Running antlr on grammar antlr/cpp/rewrite.g
Running antlr on grammar antlr/cpp/subc.g
Running antlr on grammar antlr/cpp/t.g
Running antlr on grammar antlr/cpp/treewalk.g
Running antlr on grammar antlr/csharp/calc.g
Running antlr on grammar antlr/csharp/data.g
============================================
 Execution Time: 11.138521 seconds
============================================
Running antlr on grammar antlr/java/TinyBasicTreeWalker.g
============================================
 Execution Time: 11.143646 seconds
============================================
============================================
 Execution Time: 11.147945 seconds
============================================
============================================
 Execution Time: 11.188531 seconds
============================================
